app/build/intermediates/manifest_merge_blame_file/debug/processDebugMainManifest/manifest-merger-blame-debug-report.txt
1<?xml version="1.0" encoding="utf-8"?>
2<manifest xmlns:android="http://schemas.android.com/apk/res/android"
3    package="com.example.gestionproducto"
4    android:versionCode="1"
5    android:versionName="1.0" >
6
7    <uses-sdk
8        android:minSdkVersion="24"
9        android:targetSdkVersion="34" />
10
11    <!-- Although the *SdkVersion is captured in gradle build files, this is required for non gradle builds -->
12    <!-- <uses-sdk android:minSdkVersion="14"/> -->
13    <uses-permission android:name="android.permission.ACCESS_NETWORK_STATE" />
13-->[com.google.firebase:firebase-database:20.3.1] AndroidManifest.xml:22:5-79
13-->[com.google.firebase:firebase-database:20.3.1] AndroidManifest.xml:22:22-76
14    <uses-permission android:name="android.permission.INTERNET" />
14-->[com.google.firebase:firebase-database:20.3.1] AndroidManifest.xml:23:5-67
14-->[com.google.firebase:firebase-database:20.3.1] AndroidManifest.xml:23:22-64
15    <uses-permission android:name="android.permission.WAKE_LOCK" />
15-->[com.google.android.gms:play-services-measurement-api:21.6.2] AndroidManifest.xml:24:5-68
15-->[com.google.android.gms:play-services-measurement-api:21.6.2] AndroidManifest.xml:24:22-65
16    <uses-permission android:name="com.google.android.gms.permission.AD_ID" />
16-->[com.google.android.gms:play-services-measurement-api:21.6.2] AndroidManifest.xml:25:5-79
16-->[com.google.android.gms:play-services-measurement-api:21.6.2] AndroidManifest.xml:25:22-76
17    <uses-permission android:name="android.permission.ACCESS_ADSERVICES_ATTRIBUTION" />
17-->[com.google.android.gms:play-services-measurement-api:21.6.2] AndroidManifest.xml:26:5-88
17-->[com.google.android.gms:play-services-measurement-api:21.6.2] AndroidManifest.xml:26:22-85
18    <uses-permission android:name="android.permission.ACCESS_ADSERVICES_AD_ID" />
18-->[com.google.android.gms:play-services-measurement-api:21.6.2] AndroidManifest.xml:27:5-82
18-->[com.google.android.gms:play-services-measurement-api:21.6.2] AndroidManifest.xml:27:22-79
19    <uses-permission android:name="com.google.android.finsky.permission.BIND_GET_INSTALL_REFERRER_SERVICE" />
19-->[com.google.android.gms:play-services-measurement:21.6.2] AndroidManifest.xml:26:5-110
19-->[com.google.android.gms:play-services-measurement:21.6.2] AndroidManifest.xml:26:22-107
20
21    <permission
21-->[androidx.core:core:1.13.0] AndroidManifest.xml:22:5-24:47
22        android:name="com.example.gestionproducto.DYNAMIC_RECEIVER_NOT_EXPORTED_PERMISSION"
22-->[androidx.core:core:1.13.0] AndroidManifest.xml:23:9-81
23        android:protectionLevel="signature" />
23-->[androidx.core:core:1.13.0] AndroidManifest.xml:24:9-44
24
25    <uses-permission android:name="com.example.gestionproducto.DYNAMIC_RECEIVER_NOT_EXPORTED_PERMISSION" />
25-->[androidx.core:core:1.13.0] AndroidManifest.xml:26:5-97
25-->[androidx.core:core:1.13.0] AndroidManifest.xml:26:22-94
26
27    <application
27-->src\main\AndroidManifest.xml:5:5-30:19
28        android:allowBackup="true"
28-->src\main\AndroidManifest.xml:6:9-35
29        android:appComponentFactory="androidx.core.app.CoreComponentFactory"
29-->[androidx.core:core:1.13.0] AndroidManifest.xml:28:18-86
30        android:dataExtractionRules="@xml/data_extraction_rules"
30-->src\main\AndroidManifest.xml:7:9-65
31        android:debuggable="true"
32        android:extractNativeLibs="false"
33        android:fullBackupContent="@xml/backup_rules"
33-->src\main\AndroidManifest.xml:8:9-54
34        android:icon="@mipmap/ic_launcher"
34-->src\main\AndroidManifest.xml:9:9-43
35        android:label="@string/app_name"
35-->src\main\AndroidManifest.xml:10:9-41
36        android:roundIcon="@mipmap/ic_launcher_round"
36-->src\main\AndroidManifest.xml:11:9-54
37        android:supportsRtl="true"
37-->src\main\AndroidManifest.xml:12:9-35
38        android:testOnly="true"
39        android:theme="@style/Theme.GestionProducto" >
39-->src\main\AndroidManifest.xml:13:9-53
40        <activity
40-->src\main\AndroidManifest.xml:15:9-23:20
41            android:name="com.example.gestionproducto.MainActivity"
41-->src\main\AndroidManifest.xml:16:13-41
42            android:exported="true" >
42-->src\main\AndroidManifest.xml:17:13-36
43            <intent-filter>
43-->src\main\AndroidManifest.xml:18:13-22:29
44                <action android:name="android.intent.action.MAIN" />
44-->src\main\AndroidManifest.xml:19:17-69
44-->src\main\AndroidManifest.xml:19:25-66
45
46                <category android:name="android.intent.category.LAUNCHER" />
46-->src\main\AndroidManifest.xml:21:17-77
46-->src\main\AndroidManifest.xml:21:27-74
47            </intent-filter>
48        </activity>
49        <activity
49-->src\main\AndroidManifest.xml:24:9-26:39
50            android:name="com.example.gestionproducto.ProductActivity"
50-->src\main\AndroidManifest.xml:25:13-44
51            android:exported="true" />
51-->src\main\AndroidManifest.xml:26:13-36
52        <activity
52-->src\main\AndroidManifest.xml:27:9-29:39
53            android:name="com.example.gestionproducto.AgregarProductoActivity"
53-->src\main\AndroidManifest.xml:28:13-52
54            android:exported="true" />
54-->src\main\AndroidManifest.xml:29:13-36
55
56        <service
56-->[com.google.firebase:firebase-database-ktx:20.3.1] AndroidManifest.xml:9:9-15:19
57            android:name="com.google.firebase.components.ComponentDiscoveryService"
57-->[com.google.firebase:firebase-database-ktx:20.3.1] AndroidManifest.xml:10:13-84
58            android:directBootAware="true"
58-->[com.google.firebase:firebase-common:20.4.3] AndroidManifest.xml:32:13-43
59            android:exported="false" >
59-->[com.google.firebase:firebase-database-ktx:20.3.1] AndroidManifest.xml:11:13-37
60            <meta-data
60-->[com.google.firebase:firebase-database-ktx:20.3.1] AndroidManifest.xml:12:13-14:85
61                android:name="com.google.firebase.components:com.google.firebase.database.ktx.FirebaseDatabaseLegacyRegistrar"
61-->[com.google.firebase:firebase-database-ktx:20.3.1] AndroidManifest.xml:13:17-127
62                android:value="com.google.firebase.components.ComponentRegistrar" />
62-->[com.google.firebase:firebase-database-ktx:20.3.1] AndroidManifest.xml:14:17-82
63            <meta-data
63-->[com.google.firebase:firebase-firestore-ktx:24.11.1] AndroidManifest.xml:12:13-14:85
64                android:name="com.google.firebase.components:com.google.firebase.firestore.ktx.FirebaseFirestoreLegacyRegistrar"
64-->[com.google.firebase:firebase-firestore-ktx:24.11.1] AndroidManifest.xml:13:17-129
65                android:value="com.google.firebase.components.ComponentRegistrar" />
65-->[com.google.firebase:firebase-firestore-ktx:24.11.1] AndroidManifest.xml:14:17-82
66            <meta-data
66-->[com.google.firebase:firebase-database:20.3.1] AndroidManifest.xml:29:13-31:85
67                android:name="com.google.firebase.components:com.google.firebase.database.FirebaseDatabaseKtxRegistrar"
67-->[com.google.firebase:firebase-database:20.3.1] AndroidManifest.xml:30:17-120
68                android:value="com.google.firebase.components.ComponentRegistrar" />
68-->[com.google.firebase:firebase-database:20.3.1] AndroidManifest.xml:31:17-82
69            <meta-data
69-->[com.google.firebase:firebase-database:20.3.1] AndroidManifest.xml:32:13-34:85
70                android:name="com.google.firebase.components:com.google.firebase.database.DatabaseRegistrar"
70-->[com.google.firebase:firebase-database:20.3.1] AndroidManifest.xml:33:17-109
71                android:value="com.google.firebase.components.ComponentRegistrar" />
71-->[com.google.firebase:firebase-database:20.3.1] AndroidManifest.xml:34:17-82
72            <meta-data
72-->[com.google.firebase:firebase-firestore:24.11.1] AndroidManifest.xml:17:13-19:85
73                android:name="com.google.firebase.components:com.google.firebase.firestore.FirebaseFirestoreKtxRegistrar"
73-->[com.google.firebase:firebase-firestore:24.11.1] AndroidManifest.xml:18:17-122
74                android:value="com.google.firebase.components.ComponentRegistrar" />
74-->[com.google.firebase:firebase-firestore:24.11.1] AndroidManifest.xml:19:17-82
75            <meta-data
75-->[com.google.firebase:firebase-firestore:24.11.1] AndroidManifest.xml:20:13-22:85
76                android:name="com.google.firebase.components:com.google.firebase.firestore.FirestoreRegistrar"
76-->[com.google.firebase:firebase-firestore:24.11.1] AndroidManifest.xml:21:17-111
77                android:value="com.google.firebase.components.ComponentRegistrar" />
77-->[com.google.firebase:firebase-firestore:24.11.1] AndroidManifest.xml:22:17-82
78            <meta-data
78-->[com.google.android.gms:play-services-measurement-api:21.6.2] AndroidManifest.xml:37:13-39:85
79                android:name="com.google.firebase.components:com.google.firebase.analytics.connector.internal.AnalyticsConnectorRegistrar"
79-->[com.google.android.gms:play-services-measurement-api:21.6.2] AndroidManifest.xml:38:17-139
80                android:value="com.google.firebase.components.ComponentRegistrar" />
80-->[com.google.android.gms:play-services-measurement-api:21.6.2] AndroidManifest.xml:39:17-82
81            <meta-data
81-->[com.google.firebase:firebase-installations:17.2.0] AndroidManifest.xml:15:13-17:85
82                android:name="com.google.firebase.components:com.google.firebase.installations.FirebaseInstallationsKtxRegistrar"
82-->[com.google.firebase:firebase-installations:17.2.0] AndroidManifest.xml:16:17-130
83                android:value="com.google.firebase.components.ComponentRegistrar" />
83-->[com.google.firebase:firebase-installations:17.2.0] AndroidManifest.xml:17:17-82
84            <meta-data
84-->[com.google.firebase:firebase-installations:17.2.0] AndroidManifest.xml:18:13-20:85
85                android:name="com.google.firebase.components:com.google.firebase.installations.FirebaseInstallationsRegistrar"
85-->[com.google.firebase:firebase-installations:17.2.0] AndroidManifest.xml:19:17-127
86                android:value="com.google.firebase.components.ComponentRegistrar" />
86-->[com.google.firebase:firebase-installations:17.2.0] AndroidManifest.xml:20:17-82
87            <meta-data
87-->[com.google.firebase:firebase-common-ktx:20.4.3] AndroidManifest.xml:12:13-14:85
88                android:name="com.google.firebase.components:com.google.firebase.ktx.FirebaseCommonLegacyRegistrar"
88-->[com.google.firebase:firebase-common-ktx:20.4.3] AndroidManifest.xml:13:17-116
89                android:value="com.google.firebase.components.ComponentRegistrar" />
89-->[com.google.firebase:firebase-common-ktx:20.4.3] AndroidManifest.xml:14:17-82
90            <meta-data
90-->[com.google.firebase:firebase-common:20.4.3] AndroidManifest.xml:35:13-37:85
91                android:name="com.google.firebase.components:com.google.firebase.FirebaseCommonKtxRegistrar"
91-->[com.google.firebase:firebase-common:20.4.3] AndroidManifest.xml:36:17-109
92                android:value="com.google.firebase.components.ComponentRegistrar" />
92-->[com.google.firebase:firebase-common:20.4.3] AndroidManifest.xml:37:17-82
93        </service>
94
95        <property
95-->[com.google.android.gms:play-services-measurement-api:21.6.2] AndroidManifest.xml:30:9-32:61
96            android:name="android.adservices.AD_SERVICES_CONFIG"
96-->[com.google.android.gms:play-services-measurement-api:21.6.2] AndroidManifest.xml:31:13-65
97            android:resource="@xml/ga_ad_services_config" />
97-->[com.google.android.gms:play-services-measurement-api:21.6.2] AndroidManifest.xml:32:13-58
98
99        <receiver
99-->[com.google.android.gms:play-services-measurement:21.6.2] AndroidManifest.xml:29:9-33:20
100            android:name="com.google.android.gms.measurement.AppMeasurementReceiver"
100-->[com.google.android.gms:play-services-measurement:21.6.2] AndroidManifest.xml:30:13-85
101            android:enabled="true"
101-->[com.google.android.gms:play-services-measurement:21.6.2] AndroidManifest.xml:31:13-35
102            android:exported="false" >
102-->[com.google.android.gms:play-services-measurement:21.6.2] AndroidManifest.xml:32:13-37
103        </receiver>
104
105        <service
105-->[com.google.android.gms:play-services-measurement:21.6.2] AndroidManifest.xml:35:9-38:40
106            android:name="com.google.android.gms.measurement.AppMeasurementService"
106-->[com.google.android.gms:play-services-measurement:21.6.2] AndroidManifest.xml:36:13-84
107            android:enabled="true"
107-->[com.google.android.gms:play-services-measurement:21.6.2] AndroidManifest.xml:37:13-35
108            android:exported="false" />
108-->[com.google.android.gms:play-services-measurement:21.6.2] AndroidManifest.xml:38:13-37
109        <service
109-->[com.google.android.gms:play-services-measurement:21.6.2] AndroidManifest.xml:39:9-43:72
110            android:name="com.google.android.gms.measurement.AppMeasurementJobService"
110-->[com.google.android.gms:play-services-measurement:21.6.2] AndroidManifest.xml:40:13-87
111            android:enabled="true"
111-->[com.google.android.gms:play-services-measurement:21.6.2] AndroidManifest.xml:41:13-35
112            android:exported="false"
112-->[com.google.android.gms:play-services-measurement:21.6.2] AndroidManifest.xml:42:13-37
113            android:permission="android.permission.BIND_JOB_SERVICE" />
113-->[com.google.android.gms:play-services-measurement:21.6.2] AndroidManifest.xml:43:13-69
114
115        <uses-library
115-->[androidx.privacysandbox.ads:ads-adservices:1.0.0-beta05] AndroidManifest.xml:23:9-25:40
116            android:name="android.ext.adservices"
116-->[androidx.privacysandbox.ads:ads-adservices:1.0.0-beta05] AndroidManifest.xml:24:13-50
117            android:required="false" />
117-->[androidx.privacysandbox.ads:ads-adservices:1.0.0-beta05] AndroidManifest.xml:25:13-37
118
119        <provider
119-->[com.google.firebase:firebase-common:20.4.3] AndroidManifest.xml:23:9-28:39
120            android:name="com.google.firebase.provider.FirebaseInitProvider"
120-->[com.google.firebase:firebase-common:20.4.3] AndroidManifest.xml:24:13-77
121            android:authorities="com.example.gestionproducto.firebaseinitprovider"
121-->[com.google.firebase:firebase-common:20.4.3] AndroidManifest.xml:25:13-72
122            android:directBootAware="true"
122-->[com.google.firebase:firebase-common:20.4.3] AndroidManifest.xml:26:13-43
123            android:exported="false"
123-->[com.google.firebase:firebase-common:20.4.3] AndroidManifest.xml:27:13-37
124            android:initOrder="100" />
124-->[com.google.firebase:firebase-common:20.4.3] AndroidManifest.xml:28:13-36
125
126        <activity
126-->[com.google.android.gms:play-services-base:18.1.0] AndroidManifest.xml:20:9-22:45
127            android:name="com.google.android.gms.common.api.GoogleApiActivity"
127-->[com.google.android.gms:play-services-base:18.1.0] AndroidManifest.xml:20:19-85
128            android:exported="false"
128-->[com.google.android.gms:play-services-base:18.1.0] AndroidManifest.xml:22:19-43
129            android:theme="@android:style/Theme.Translucent.NoTitleBar" />
129-->[com.google.android.gms:play-services-base:18.1.0] AndroidManifest.xml:21:19-78
130
131        <meta-data
131-->[com.google.android.gms:play-services-basement:18.3.0] AndroidManifest.xml:21:9-23:69
132            android:name="com.google.android.gms.version"
132-->[com.google.android.gms:play-services-basement:18.3.0] AndroidManifest.xml:22:13-58
133            android:value="@integer/google_play_services_version" />
133-->[com.google.android.gms:play-services-basement:18.3.0] AndroidManifest.xml:23:13-66
134
135        <provider
135-->[androidx.emoji2:emoji2:1.2.0] AndroidManifest.xml:24:9-32:20
136            android:name="androidx.startup.InitializationProvider"
136-->[androidx.emoji2:emoji2:1.2.0] AndroidManifest.xml:25:13-67
137            android:authorities="com.example.gestionproducto.androidx-startup"
137-->[androidx.emoji2:emoji2:1.2.0] AndroidManifest.xml:26:13-68
138            android:exported="false" >
138-->[androidx.emoji2:emoji2:1.2.0] AndroidManifest.xml:27:13-37
139            <meta-data
139-->[androidx.emoji2:emoji2:1.2.0] AndroidManifest.xml:29:13-31:52
140                android:name="androidx.emoji2.text.EmojiCompatInitializer"
140-->[androidx.emoji2:emoji2:1.2.0] AndroidManifest.xml:30:17-75
141                android:value="androidx.startup" />
141-->[androidx.emoji2:emoji2:1.2.0] AndroidManifest.xml:31:17-49
142            <meta-data
142-->[androidx.lifecycle:lifecycle-process:2.6.2] AndroidManifest.xml:29:13-31:52
143                android:name="androidx.lifecycle.ProcessLifecycleInitializer"
143-->[androidx.lifecycle:lifecycle-process:2.6.2] AndroidManifest.xml:30:17-78
144                android:value="androidx.startup" />
144-->[androidx.lifecycle:lifecycle-process:2.6.2] AndroidManifest.xml:31:17-49
145            <meta-data
145-->[androidx.profileinstaller:profileinstaller:1.3.0] AndroidManifest.xml:29:13-31:52
146                android:name="androidx.profileinstaller.ProfileInstallerInitializer"
146-->[androidx.profileinstaller:profileinstaller:1.3.0] AndroidManifest.xml:30:17-85
147                android:value="androidx.startup" />
147-->[androidx.profileinstaller:profileinstaller:1.3.0] AndroidManifest.xml:31:17-49
148        </provider>
149
150        <receiver
150-->[androidx.profileinstaller:profileinstaller:1.3.0] AndroidManifest.xml:34:9-52:20
151            android:name="androidx.profileinstaller.ProfileInstallReceiver"
151-->[androidx.profileinstaller:profileinstaller:1.3.0] AndroidManifest.xml:35:13-76
152            android:directBootAware="false"
152-->[androidx.profileinstaller:profileinstaller:1.3.0] AndroidManifest.xml:36:13-44
153            android:enabled="true"
153-->[androidx.profileinstaller:profileinstaller:1.3.0] AndroidManifest.xml:37:13-35
154            android:exported="true"
154-->[androidx.profileinstaller:profileinstaller:1.3.0] AndroidManifest.xml:38:13-36
155            android:permission="android.permission.DUMP" >
155-->[androidx.profileinstaller:profileinstaller:1.3.0] AndroidManifest.xml:39:13-57
156            <intent-filter>
156-->[androidx.profileinstaller:profileinstaller:1.3.0] AndroidManifest.xml:40:13-42:29
157                <action android:name="androidx.profileinstaller.action.INSTALL_PROFILE" />
157-->[androidx.profileinstaller:profileinstaller:1.3.0] AndroidManifest.xml:41:17-91
157-->[androidx.profileinstaller:profileinstaller:1.3.0] AndroidManifest.xml:41:25-88
158            </intent-filter>
159            <intent-filter>
159-->[androidx.profileinstaller:profileinstaller:1.3.0] AndroidManifest.xml:43:13-45:29
160                <action android:name="androidx.profileinstaller.action.SKIP_FILE" />
160-->[androidx.profileinstaller:profileinstaller:1.3.0] AndroidManifest.xml:44:17-85
160-->[androidx.profileinstaller:profileinstaller:1.3.0] AndroidManifest.xml:44:25-82
161            </intent-filter>
162            <intent-filter>
162-->[androidx.profileinstaller:profileinstaller:1.3.0] AndroidManifest.xml:46:13-48:29
163                <action android:name="androidx.profileinstaller.action.SAVE_PROFILE" />
163-->[androidx.profileinstaller:profileinstaller:1.3.0] AndroidManifest.xml:47:17-88
163-->[androidx.profileinstaller:profileinstaller:1.3.0] AndroidManifest.xml:47:25-85
164            </intent-filter>
165            <intent-filter>
165-->[androidx.profileinstaller:profileinstaller:1.3.0] AndroidManifest.xml:49:13-51:29
166                <action android:name="androidx.profileinstaller.action.BENCHMARK_OPERATION" />
166-->[androidx.profileinstaller:profileinstaller:1.3.0] AndroidManifest.xml:50:17-95
166-->[androidx.profileinstaller:profileinstaller:1.3.0] AndroidManifest.xml:50:25-92
167            </intent-filter>
168        </receiver>
169    </application>
170
171</manifest>